------------------------------------------------------------------------------------------------------------------------
      name:  <unnamed>
       log:  H:\Alcohol Panel.log
  log type:  text
 opened on:   7 Dec 2013, 14:35:01

. probit ab year1 year2 year3 sex2 Party s1 s2, robust

Iteration 0:   log pseudolikelihood = -433.54499  
Iteration 1:   log pseudolikelihood = -408.70651  
Iteration 2:   log pseudolikelihood = -408.41788  
Iteration 3:   log pseudolikelihood = -408.41775  
Iteration 4:   log pseudolikelihood = -408.41775  

Probit regression                                 Number of obs   =       1194
                                                  Wald chi2(7)    =      45.55
                                                  Prob > chi2     =     0.0000
Log pseudolikelihood = -408.41775                 Pseudo R2       =     0.0580

------------------------------------------------------------------------------
             |               Robust
          ab |      Coef.   Std. Err.      z    P>|z|     [95% Conf. Interval]
-------------+----------------------------------------------------------------
       year1 |   .5247416   .1329467     3.95   0.000     .2641709    .7853123
       year2 |   .5230749   .1415723     3.69   0.000     .2455983    .8005516
       year3 |    .371682   .1266643     2.93   0.003     .1234245    .6199394
        sex2 |  -.0656003   .0996434    -0.66   0.510    -.2608978    .1296973
       Party |  -.4024796   .0988318    -4.07   0.000    -.5961863   -.2087728
          s1 |   -.172843   .1347864    -1.28   0.200    -.4370194    .0913334
          s2 |  -.2338156   .1199968    -1.95   0.051     -.469005    .0013738
       _cons |   1.251654   .1267789     9.87   0.000     1.003172    1.500136
------------------------------------------------------------------------------

. margins, dydx (year1 year2 year3 sex2 Party s1 s2)

Average marginal effects                          Number of obs   =       1194
Model VCE    : Robust

Expression   : Pr(ab), predict()
dy/dx w.r.t. : year1 year2 year3 sex2 Party s1 s2

------------------------------------------------------------------------------
             |            Delta-method
             |      dy/dx   Std. Err.      z    P>|z|     [95% Conf. Interval]
-------------+----------------------------------------------------------------
       year1 |   .0980228   .0247326     3.96   0.000     .0495478    .1464978
       year2 |   .0977115   .0262529     3.72   0.000     .0462568    .1491662
       year3 |   .0694309   .0235815     2.94   0.003      .023212    .1156499
        sex2 |  -.0122543    .018612    -0.66   0.510     -.048733    .0242245
       Party |   -.075184   .0183592    -4.10   0.000    -.1111673   -.0392007
          s1 |  -.0322874   .0252194    -1.28   0.200    -.0817165    .0171416
          s2 |  -.0436772   .0223935    -1.95   0.051    -.0875678    .0002133
------------------------------------------------------------------------------

. oprobit Drinking year1 year2 year3 sex2 Party s1 s2, robust

Iteration 0:   log pseudolikelihood = -1919.7866  
Iteration 1:   log pseudolikelihood = -1879.4005  
Iteration 2:   log pseudolikelihood = -1879.3923  
Iteration 3:   log pseudolikelihood = -1879.3923  

Ordered probit regression                         Number of obs   =       1194
                                                  Wald chi2(7)    =      75.41
                                                  Prob > chi2     =     0.0000
Log pseudolikelihood = -1879.3923                 Pseudo R2       =     0.0210

------------------------------------------------------------------------------
             |               Robust
    Drinking |      Coef.   Std. Err.      z    P>|z|     [95% Conf. Interval]
-------------+----------------------------------------------------------------
       year1 |   .4595187   .0841291     5.46   0.000     .2946288    .6244086
       year2 |   .4636558   .0888057     5.22   0.000     .2895999    .6377117
       year3 |    .241251   .0826046     2.92   0.003     .0793489     .403153
        sex2 |  -.3361242   .0628806    -5.35   0.000     -.459368   -.2128805
       Party |  -.1269078   .0640752    -1.98   0.048    -.2524928   -.0013228
          s1 |  -.1052135   .0779921    -1.35   0.177    -.2580752    .0476483
          s2 |  -.0615658   .0714997    -0.86   0.389    -.2017026    .0785709
-------------+----------------------------------------------------------------
       /cut1 |  -1.232988   .0870399                     -1.403583   -1.062393
       /cut2 |  -.5344468   .0819312                      -.695029   -.3738646
       /cut3 |   .4530329   .0814499                       .293394    .6126717
       /cut4 |   1.249433   .0874744                      1.077986    1.420879
       /cut5 |   1.856506   .1003389                      1.659845    2.053167
       /cut6 |   2.447261   .1362575                      2.180201    2.714321
       /cut7 |   2.900777   .2110079                      2.487209    3.314345
------------------------------------------------------------------------------

. margins, dydx (year1 year2 year3 sex2 Party s1 s2)

Average marginal effects                          Number of obs   =       1194
Model VCE    : Robust

Expression   : Pr(Drinking==1), predict()
dy/dx w.r.t. : year1 year2 year3 sex2 Party s1 s2

------------------------------------------------------------------------------
             |            Delta-method
             |      dy/dx   Std. Err.      z    P>|z|     [95% Conf. Interval]
-------------+----------------------------------------------------------------
       year1 |  -.0881447   .0168423    -5.23   0.000    -.1211551   -.0551344
       year2 |  -.0889383    .017634    -5.04   0.000    -.1235004   -.0543763
       year3 |  -.0462767   .0161238    -2.87   0.004    -.0778788   -.0146746
        sex2 |   .0644752   .0120893     5.33   0.000     .0407807    .0881698
       Party |   .0243434   .0124959     1.95   0.051     -.000148    .0488348
          s1 |    .020182   .0150239     1.34   0.179    -.0092643    .0496284
          s2 |   .0118095   .0137715     0.86   0.391    -.0151822    .0388012
------------------------------------------------------------------------------

. probit Party year1 year2 year3 sex2 ab s1 s2, robust

Iteration 0:   log pseudolikelihood = -807.97206  
Iteration 1:   log pseudolikelihood = -779.40667  
Iteration 2:   log pseudolikelihood = -779.37382  
Iteration 3:   log pseudolikelihood = -779.37382  

Probit regression                                 Number of obs   =       1194
                                                  Wald chi2(7)    =      54.57
                                                  Prob > chi2     =     0.0000
Log pseudolikelihood = -779.37382                 Pseudo R2       =     0.0354

------------------------------------------------------------------------------
             |               Robust
       Party |      Coef.   Std. Err.      z    P>|z|     [95% Conf. Interval]
-------------+----------------------------------------------------------------
       year1 |   .0075548   .1031432     0.07   0.942    -.1946023    .2097118
       year2 |  -.1208886   .1078779    -1.12   0.262    -.3323254    .0905482
       year3 |  -.1098731   .1023588    -1.07   0.283    -.3104926    .0907464
        sex2 |   .2045391   .0754426     2.71   0.007     .0566744    .3524039
          ab |  -.4795607   .1167793    -4.11   0.000     -.708444   -.2506774
          s1 |   .3785892   .0990021     3.82   0.000     .1845487    .5726298
          s2 |   .3547192   .0890626     3.98   0.000     .1801598    .5292786
       _cons |  -.1197595     .13872    -0.86   0.388    -.3916457    .1521267
------------------------------------------------------------------------------

. margins, dydx (year1 year2 year3 sex2 ab s1 s2)

Average marginal effects                          Number of obs   =       1194
Model VCE    : Robust

Expression   : Pr(Party), predict()
dy/dx w.r.t. : year1 year2 year3 sex2 ab s1 s2

------------------------------------------------------------------------------
             |            Delta-method
             |      dy/dx   Std. Err.      z    P>|z|     [95% Conf. Interval]
-------------+----------------------------------------------------------------
       year1 |    .002824    .038556     0.07   0.942    -.0727443    .0783924
       year2 |  -.0451893   .0402532    -1.12   0.262    -.1240842    .0337056
       year3 |  -.0410716   .0382074    -1.07   0.282    -.1159566    .0338134
        sex2 |   .0764587   .0279406     2.74   0.006     .0216962    .1312211
          ab |  -.1792643   .0426847    -4.20   0.000    -.2629247   -.0956039
          s1 |   .1415202    .036319     3.90   0.000     .0703362    .2127042
          s2 |   .1325974    .032631     4.06   0.000     .0686419    .1965529
------------------------------------------------------------------------------

. probit Party year1 year2 year3 sex2 Drinking s1 s2, robust

Iteration 0:   log pseudolikelihood = -807.97206  
Iteration 1:   log pseudolikelihood = -786.47109  
Iteration 2:   log pseudolikelihood = -786.44999  
Iteration 3:   log pseudolikelihood = -786.44999  

Probit regression                                 Number of obs   =       1194
                                                  Wald chi2(7)    =      41.23
                                                  Prob > chi2     =     0.0000
Log pseudolikelihood = -786.44999                 Pseudo R2       =     0.0266

------------------------------------------------------------------------------
             |               Robust
       Party |      Coef.   Std. Err.      z    P>|z|     [95% Conf. Interval]
-------------+----------------------------------------------------------------
       year1 |  -.0183564   .1029946    -0.18   0.859    -.2202222    .1835093
       year2 |  -.1485157   .1082234    -1.37   0.170    -.3606297    .0635984
       year3 |  -.1368634   .1019365    -1.34   0.179    -.3366552    .0629284
        sex2 |    .188744   .0760765     2.48   0.013     .0396369    .3378511
    Drinking |  -.0535533   .0313652    -1.71   0.088     -.115028    .0079214
          s1 |    .387084   .0985399     3.93   0.000     .1939495    .5802186
          s2 |    .372966   .0888253     4.20   0.000     .1988716    .5470604
       _cons |  -.3596541   .1348977    -2.67   0.008    -.6240486   -.0952595
------------------------------------------------------------------------------

. margins, dydx (year1 year2 year3 sex2 Drinking s1 s2)

Average marginal effects                          Number of obs   =       1194
Model VCE    : Robust

Expression   : Pr(Party), predict()
dy/dx w.r.t. : year1 year2 year3 sex2 Drinking s1 s2

------------------------------------------------------------------------------
             |            Delta-method
             |      dy/dx   Std. Err.      z    P>|z|     [95% Conf. Interval]
-------------+----------------------------------------------------------------
       year1 |  -.0069307   .0388846    -0.18   0.859    -.0831432    .0692818
       year2 |  -.0560736   .0407611    -1.38   0.169    -.1359638    .0238166
       year3 |  -.0516742   .0383985    -1.35   0.178    -.1269339    .0235855
        sex2 |   .0712622   .0284966     2.50   0.012     .0154099    .1271146
    Drinking |  -.0202196   .0117922    -1.71   0.086    -.0433318    .0028926
          s1 |   .1461475    .036478     4.01   0.000      .074652     .217643
          s2 |   .1408171   .0327838     4.30   0.000     .0765621    .2050722
------------------------------------------------------------------------------

. 
end of do-file

. do "H:\HamPoll Drinking Survey DO.do"

. use "H:\Survey_on_Drinking_and_Partying.dta", clear

. capture log close
