-------------------------------------------------------------------------------------------------------------------------------------------------------------------------------------------------------
      name:  <unnamed>
       log:  H:\Party School.log
  log type:  text
 opened on:  16 Nov 2013, 17:42:36

. reg AB year1 year2 year3 sex2 PartySchool, robust

Linear regression                                      Number of obs =     489
                                                       F(  5,   483) =    5.30
                                                       Prob > F      =  0.0001
                                                       R-squared     =  0.0613
                                                       Root MSE      =  .33938

------------------------------------------------------------------------------
             |               Robust
          AB |      Coef.   Std. Err.      t    P>|t|     [95% Conf. Interval]
-------------+----------------------------------------------------------------
       year1 |   .1257251   .0452214     2.78   0.006     .0368701    .2145801
       year2 |   .1271778   .0463131     2.75   0.006     .0361777    .2181778
       year3 |   .1001346   .0453923     2.21   0.028     .0109439    .1893253
        sex2 |  -.0040785   .0317771    -0.13   0.898    -.0665169    .0583598
 PartySchool |   .1269731   .0323372     3.93   0.000     .0634341     .190512
       _cons |   .5813809   .0675474     8.61   0.000     .4486579    .7141039
------------------------------------------------------------------------------

. reg Consumption year1 year2 year3 sex2 PartySchool, robust

Linear regression                                      Number of obs =     489
                                                       F(  5,   483) =    6.86
                                                       Prob > F      =  0.0000
                                                       R-squared     =  0.0691
                                                       Root MSE      =  1.2834

------------------------------------------------------------------------------
             |               Robust
 Consumption |      Coef.   Std. Err.      t    P>|t|     [95% Conf. Interval]
-------------+----------------------------------------------------------------
       year1 |   .6329569   .1569845     4.03   0.000        .3245    .9414138
       year2 |    .648229   .1756988     3.69   0.000     .3030007    .9934574
       year3 |   .3318596   .1514834     2.19   0.029     .0342118    .6295074
        sex2 |  -.3887844   .1248995    -3.11   0.002    -.6341978   -.1433709
 PartySchool |   .2228145    .119707     1.86   0.063    -.0123962    .4580252
       _cons |   2.535567   .2356051    10.76   0.000      2.07263    2.998505
------------------------------------------------------------------------------

. reg AB year1 year2 year3 sex2, robust

Linear regression                                      Number of obs =     489
                                                       F(  4,   484) =    2.81
                                                       Prob > F      =  0.0249
                                                       R-squared     =  0.0290
                                                       Root MSE      =  .34482

------------------------------------------------------------------------------
             |               Robust
          AB |      Coef.   Std. Err.      t    P>|t|     [95% Conf. Interval]
-------------+----------------------------------------------------------------
       year1 |   .1331242   .0458326     2.90   0.004     .0430687    .2231798
       year2 |   .1460878   .0469603     3.11   0.002     .0538165    .2383591
       year3 |    .113775   .0461215     2.47   0.014     .0231519    .2043982
        sex2 |  -.0160692   .0320422    -0.50   0.616    -.0790283    .0468899
       _cons |   .7749858     .03876    19.99   0.000     .6988271    .8511445
------------------------------------------------------------------------------

. reg Consumption year1 year2 year3 sex2, robust

Linear regression                                      Number of obs =     489
                                                       F(  4,   484) =    7.50
                                                       Prob > F      =  0.0000
                                                       R-squared     =  0.0622
                                                       Root MSE      =  1.2868

------------------------------------------------------------------------------
             |               Robust
 Consumption |      Coef.   Std. Err.      t    P>|t|     [95% Conf. Interval]
-------------+----------------------------------------------------------------
       year1 |    .645941   .1565088     4.13   0.000     .3384204    .9534616
       year2 |   .6814127   .1775758     3.84   0.000     .3324979    1.030327
       year3 |   .3557961   .1504712     2.36   0.018     .0601386    .6514537
        sex2 |  -.4098258   .1230022    -3.33   0.001    -.6515101   -.1681415
       _cons |   2.875309   .1231839    23.34   0.000     2.633267     3.11735
------------------------------------------------------------------------------

. reg PartySchool AB year1 year2 year3 sex2, robust

Linear regression                                      Number of obs =     489
                                                       F(  5,   483) =    5.90
                                                       Prob > F      =  0.0000
                                                       R-squared     =  0.0525
                                                       Root MSE      =   .4878

------------------------------------------------------------------------------
             |               Robust
 PartySchool |      Coef.   Std. Err.      t    P>|t|     [95% Conf. Interval]
-------------+----------------------------------------------------------------
          AB |   .2623195   .0621486     4.22   0.000     .1402044    .3844345
       year1 |    .023352   .0628885     0.37   0.711    -.1002167    .1469208
       year2 |   .1106078   .0646364     1.71   0.088    -.0163954    .2376109
       year3 |   .0775828   .0594173     1.31   0.192    -.0391656    .1943312
        sex2 |  -.0902194   .0447617    -2.02   0.044    -.1781711   -.0022677
       _cons |   1.321478   .0668068    19.78   0.000      1.19021    1.452746
------------------------------------------------------------------------------

. log close
      name:  <unnamed>
       log:  H:\Party School.log
  log type:  text
 closed on:  16 Nov 2013, 17:42:38
-------------------------------------------------------------------------------------------------------------------------------------------------------------------------------------------------------
