-------------------------------------------------------------------------------------------------------------------------------------------------------------------------------------------------------
      name:  <unnamed>
       log:  H:\Pot Hazard.log
  log type:  text
 opened on:  16 Nov 2013, 17:28:23

. reg AlcoholUseBinary year1 year2 year3 sex2 UnderEase PartySchool PotHazard, robust

Linear regression                                      Number of obs =     384
                                                       F(  7,   376) =    5.05
                                                       Prob > F      =  0.0000
                                                       R-squared     =  0.1823
                                                       Root MSE      =  .24894

------------------------------------------------------------------------------
             |               Robust
AlcoholUse~y |      Coef.   Std. Err.      t    P>|t|     [95% Conf. Interval]
-------------+----------------------------------------------------------------
       year1 |   .1168235   .0346487     3.37   0.001     .0486939    .1849531
       year2 |   .0770781   .0416299     1.85   0.065    -.0047785    .1589346
       year3 |   .0392546   .0395576     0.99   0.322    -.0385274    .1170365
        sex2 |  -.0009691   .0250783    -0.04   0.969    -.0502803    .0483422
   UnderEase |   .2153881   .0589078     3.66   0.000     .0995581    .3312182
 PartySchool |   .0120506   .0307871     0.39   0.696    -.0484859    .0725872
   PotHazard |   .2407104   .0729057     3.30   0.001     .0973565    .3840644
       _cons |  -.0263035   .1840225    -0.14   0.886    -.3881456    .3355386
------------------------------------------------------------------------------

. reg Consumption year1 year2 year3 sex2 UnderEase PartySchool PotHazard, robust

Linear regression                                      Number of obs =     384
                                                       F(  7,   376) =   10.53
                                                       Prob > F      =  0.0000
                                                       R-squared     =  0.1464
                                                       Root MSE      =  1.1427

------------------------------------------------------------------------------
             |               Robust
 Consumption |      Coef.   Std. Err.      t    P>|t|     [95% Conf. Interval]
-------------+----------------------------------------------------------------
       year1 |   .5357787   .1636718     3.27   0.001      .213952    .8576054
       year2 |   .4692908   .1813351     2.59   0.010     .1127329    .8258488
       year3 |   .1440671   .1623994     0.89   0.376    -.1752578    .4633919
        sex2 |  -.4457149   .1196389    -3.73   0.000    -.6809601   -.2104698
   UnderEase |   .8593556   .1877555     4.58   0.000     .4901733    1.228538
 PartySchool |  -.1006731    .133762    -0.75   0.452    -.3636884    .1623422
   PotHazard |   .5238701    .254896     2.06   0.041     .0226698     1.02507
       _cons |   .6555395   .7435253     0.88   0.379    -.8064493    2.117528
------------------------------------------------------------------------------

. log close
      name:  <unnamed>
       log:  H:\Pot Hazard.log
  log type:  text
 closed on:  16 Nov 2013, 17:28:24
-------------------------------------------------------------------------------------------------------------------------------------------------------------------------------------------------------
